make all --print-data-base --no-builtin-variables --no-builtin-rules --question
# GNU Make 3.81
# Copyright (C) 2006  Free Software Foundation, Inc.
# This is free software; see the source for copying conditions.
# There is NO warranty; not even for MERCHANTABILITY or FITNESS FOR A
# PARTICULAR PURPOSE.

# This program built for i386-apple-darwin11.3.0
 
make: *** No rule to make target `all'.  Stop.


# Make data base, printed on Tue Aug 16 23:13:52 2022

# Variables

# automatic
<D = $(patsubst %/,%,$(dir $<))
# environment
RUBY_VERSION = ruby-3.1.1
# automatic
?F = $(notdir $?)
# automatic
?D = $(patsubst %/,%,$(dir $?))
# environment
CPPFLAGS = -I/usr/local/opt/postgresql@12/include
# environment
rvm_path = /Users/lijunwei/.rvm
# automatic
@D = $(patsubst %/,%,$(dir $@))
# automatic
@F = $(notdir $@)
# makefile
CURDIR := /Users/lijunwei/practice
# makefile
SHELL = /bin/sh
# environment
VSCODE_NLS_CONFIG = {"locale":"en-us","availableLanguages":{},"_languagePackSupport":true}
# environment
BLOG_DOMAIN = http://blog.bxzy.top
 
# environment
_ = /usr/bin/make
# environment
CHROMIUM_EXE_PATH = /Applications/Chromium.app/Contents/MacOS/Chromium
# makefile
MAKEFILE_LIST := 
# environment
SUBLIME_SNIPPET_PATH = /Users/lijunwei/Library/ApplicationSupport/Sublime Text 3/Packages/User
# environment
VSCODE_AMD_ENTRYPOINT = vs/workbench/api/node/extensionHostProcess
# environment
RAILS_ENV = development
# environment
__CFBundleIdentifier = com.microsoft.VSCode
# environment
VSCODE_CWD = /
# environment
GOPROXY = https://proxy.golang.org,direct
# environment
PATH = /Users/lijunwei/.rvm/gems/ruby-3.1.1/bin:/Users/lijunwei/.rvm/gems/ruby-3.1.1@global/bin:/Users/lijunwei/.rvm/rubies/ruby-3.1.1/bin:/Users/lijunwei/.poetry/bin:/Users/lijunwei/.asdf/shims:/usr/local/opt/asdf/libexec/bin:/usr/local/opt/postgresql@12/bin:/Users/lijunwei/OuterGitRepo/wrk:/usr/local/opt/openssl@1.1/bin:/usr/local/sbin:/usr/local/opt/ncurses/bin:/usr/local/bin-ruby:/usr/local/opt/mysql@5.7/bin:/usr/local/bin:/usr/bin:/bin:/usr/sbin:/sbin:/usr/local/go/bin:/usr/local/MacGPG2/bin:/Library/Apple/usr/bin:/Applications/Wireshark.app/Contents/MacOS:/Users/lijunwei/.rvm/bin:/opt/apache-maven/bin:/usr/local/mysql/bin:/Users/lijunwei/.rvm/bin:/Users/lijunwei/.cabal/bin:/Users/lijunwei/.ghcup/bin
# environment
LSCOLORS = Gxfxcxdxbxegedabagacad
# environment
expense_analyser_password = 2Hn2kiCoAUJD8bTY
# environment
GOPATH = /Users/lijunwei/go
# environment
ELECTRON_RUN_AS_NODE = 1
# environment
LDFLAGS = -L/usr/local/opt/postgresql@12/lib
# default
.FEATURES := target-specific order-only second-expansion else-if archives jobserver check-symlink
# environment
CDPATH = /Users/lijunwei:/Users/lijunwei/Udesk/02UdeskProject:/Users/lijunwei/OuterGitRepo
# environment
SSH_AUTH_SOCK = /private/tmp/com.apple.launchd.B1j90MOnmA/Listeners
# automatic
%F = $(notdir $%)
# environment
EXPENSE_FILE = /Users/lijunwei/Documents/notebook/notes/expense-note.csv
# environment
rvm_bin_path = /Users/lijunwei/.rvm/bin
# environment
PWD = /Users/lijunwei/practice
# environment
expense_analyser_email = lijunwei@udesk.cn
# environment
GEM_HOME = /Users/lijunwei/.rvm/gems/ruby-3.1.1
# environment
PKG_CONFIG_PATH = /usr/local/opt/postgresql@12/lib/pkgconfig
# environment
ORIGINAL_XDG_CURRENT_DESKTOP = undefined
# environment
GOMODCACHE = /Users/lijunwei/go/pkg/mod
# environment
HOME = /Users/lijunwei
# default
MAKEFILEPATH = $(shell /usr/bin/xcode-select -print-path 2>/dev/null || echo /Developer)/Makefiles
# environment
VSCODE_CODE_CACHE_PATH = /Users/lijunwei/Library/Application Support/Code/CachedData/6d9b74a70ca9c7733b29f0456fd8195364076dda
# environment
LOGNAME = lijunwei
# environment
BUNDLER_EDITOR = subl
# environment
APPLICATION_INSIGHTS_NO_DIAGNOSTIC_CHANNEL = true
# environment
ZSH = /Users/lijunwei/.oh-my-zsh
# environment
VSCODE_HANDLES_UNCAUGHT_ERRORS = true
# automatic
^D = $(patsubst %/,%,$(dir $^))
# environment
GEM_PATH = /Users/lijunwei/.rvm/gems/ruby-3.1.1:/Users/lijunwei/.rvm/gems/ruby-3.1.1@global
# environment
XPC_FLAGS = 0x0
# default
MAKE = $(MAKE_COMMAND)
# default
MAKECMDGOALS := all
# environment
IRBRC = /Users/lijunwei/.rvm/rubies/ruby-3.1.1/.irbrc
# environment
SHLVL = 1
# environment
DOCKER_ALI_UDESK_PASSWD = +ljw456852
# default
MAKE_VERSION := 3.81
# environment
USER = lijunwei
# makefile
.DEFAULT_GOAL := 
# environment
rvm_version = 1.29.12-next (master)
# environment
LESS = -R
# automatic
%D = $(patsubst %/,%,$(dir $%))
# default
MAKE_COMMAND := /Library/Developer/CommandLineTools/usr/bin/make
# default
.VARIABLES := 
# environment
TMPDIR = /var/folders/8b/ptrz7v891nlgwlx170vpcqjc0000gn/T/
# automatic
*F = $(notdir $*)
# environment
VSCODE_IPC_HOOK = /Users/lijunwei/Library/Application Support/Code/1.70.1-main.sock
# environment
MallocNanoZone = 0
# makefile
MAKEFLAGS = Rrqp
# environment
MFLAGS = -Rrqp
# automatic
*D = $(patsubst %/,%,$(dir $*))
# environment
 
XPC_SERVICE_NAME = application.com.microsoft.VSCode.111662733.111662739
# automatic
+D = $(patsubst %/,%,$(dir $+))
# automatic
+F = $(notdir $+)
# environment
__CF_USER_TEXT_ENCODING = 0x1F5:0x0:0x0
# environment
COMMAND_MODE = unix2003
# default
MAKEFILES := 
# environment
NOTEBOOK_ROOT = /Users/lijunwei/Documents/notebook
# automatic
<F = $(notdir $<)
# environment
EDITOR = vim
# environment
PAGER = less
# environment
LC_ALL = C
# environment
MYSQL_PWD = 123456
# automatic
^F = $(notdir $^)
# environment
rvm_prefix = /Users/lijunwei
# default
SUFFIXES := 
# environment
ASDF_DIR = /usr/local/opt/asdf/libexec
# default
.INCLUDE_DIRS = /usr/local/include
# environment
FCEDIT = vim
# environment
MAKELEVEL := 0
# environment
LANG = C
# environment
VSCODE_PID = 95632
# environment
MY_RUBY_HOME = /Users/lijunwei/.rvm/rubies/ruby-3.1.1
# environment
sublime_user_config_path = /Users/lijunwei/Library/Application Support/Sublime Text 3/Packages/User
# variable set hash-table stats:
# Load=93/1024=9%, Rehash=0, Collisions=4/114=4%

# Pattern-specific Variable Values

# No pattern-specific variable values.

# Directories

# . (device 16777221, inode 74187199): 31 files, no impossibilities.

# 31 files, no impossibilities in 1 directories.

# Implicit Rules

# No implicit rules.

# Files

# Not a target:
all:
#  Command-line target.
#  Implicit rule search has been done.
#  File does not exist.
#  File has not been updated.
# variable set hash-table stats:
# Load=0/32=0%, Rehash=0, Collisions=0/0=0%

# Not a target:
.SUFFIXES:
#  Implicit rule search has not been done.
#  Modification time never checked.
#  File has not been updated.

# Not a target:
Makefile:
#  A default, MAKEFILES, or -include/sinclude makefile.
#  Implicit rule search has been done.
#  File does not exist.
#  File has been updated.
#  Failed to be updated.
# variable set hash-table stats:
# Load=0/32=0%, Rehash=0, Collisions=0/0=0%

# Not a target:
makefile:
#  A default, MAKEFILES, or -include/sinclude makefile.
#  Implicit rule search has been done.
#  File does not exist.
#  File has been updated.
#  Failed to be updated.
# variable set hash-table stats:
# Load=0/32=0%, Rehash=0, Collisions=0/0=0%

# Not a target:
.DEFAULT:
#  Implicit rule search has not been done.
#  Modification time never checked.
#  File has not been updated.

# Not a target:
GNUmakefile:
#  A default, MAKEFILES, or -include/sinclude makefile.
#  Implicit rule search has been done.
#  File does not exist.
#  File has been updated.
#  Failed to be updated.
# variable set hash-table stats:
# Load=0/32=0%, Rehash=0, Collisions=0/0=0%

# files hash-table stats:
# Load=6/1024=1%, Rehash=0, Collisions=0/17=0%
# VPATH Search Paths

# No `vpath' search paths.

# No general (`VPATH' variable) search path.

# # of strings in strcache: 0
# # of strcache buffers: 0
# strcache size: total = 0 / max = 0 / min = 4096 / avg = 0
# strcache free: total = 0 / max = 0 / min = 4096 / avg = 0

# Finished Make data base on Tue Aug 16 23:13:52 2022

 
